# JRE version: OpenJDK Runtime Environment (15.0.2+7) (build 15.0.2+7-27)
# Java VM: OpenJDK 64-Bit Server VM (15.0.2+7-27, mixed mode, tiered, compressed oops, g1 gc, windows-amd64)
GC Precious Log:
 CPUs: 8 total, 8 available
 Memory: 8068M
 Large Page Support: Disabled
 NUMA Support: Disabled
 Compressed Oops: Enabled (32-bit)
 Heap Region Size: 1M
 Heap Min Capacity: 8M
 Heap Initial Capacity: 128M
 Heap Max Capacity: 2018M
 Pre-touch: Disabled
 Parallel Workers: 8
 Concurrent Workers: 2
 Concurrent Refinement Workers: 8
 Periodic GC: Disabled
Heap:
 garbage-first heap   total 34816K, used 17760K [0x0000000081e00000, 0x0000000100000000)
  region size 1024K, 9 young (9216K), 1 survivors (1024K)
 Metaspace       used 24861K, capacity 25124K, committed 25344K, reserved 1071104K
  class space    used 2659K, capacity 2757K, committed 2816K, reserved 1048576K
GC Heap History (6 events):
Event: 1.534 GC heap before
{Heap before GC invocations=0 (full 0):
 garbage-first heap   total 131072K, used 23552K [0x0000000081e00000, 0x0000000100000000)
  region size 1024K, 21 young (21504K), 0 survivors (0K)
 Metaspace       used 16085K, capacity 16267K, committed 16512K, reserved 1064960K
  class space    used 1609K, capacity 1645K, committed 1664K, reserved 1048576K
}
Event: 1.546 GC heap after
{Heap after GC invocations=1 (full 0):
 garbage-first heap   total 131072K, used 8220K [0x0000000081e00000, 0x0000000100000000)
  region size 1024K, 3 young (3072K), 3 survivors (3072K)
 Metaspace       used 16085K, capacity 16267K, committed 16512K, reserved 1064960K
  class space    used 1609K, capacity 1645K, committed 1664K, reserved 1048576K
}
Event: 2.108 GC heap before
{Heap before GC invocations=2 (full 0):
 garbage-first heap   total 34816K, used 24604K [0x0000000081e00000, 0x0000000100000000)
  region size 1024K, 20 young (20480K), 3 survivors (3072K)
 Metaspace       used 20629K, capacity 20882K, committed 20992K, reserved 1069056K
  class space    used 2158K, capacity 2240K, committed 2304K, reserved 1048576K
}
Event: 2.116 GC heap after
{Heap after GC invocations=3 (full 0):
 garbage-first heap   total 34816K, used 10786K [0x0000000081e00000, 0x0000000100000000)
  region size 1024K, 3 young (3072K), 3 survivors (3072K)
 Metaspace       used 20629K, capacity 20882K, committed 20992K, reserved 1069056K
  class space    used 2158K, capacity 2240K, committed 2304K, reserved 1048576K
}
Event: 7.038 GC heap before
{Heap before GC invocations=3 (full 0):
 garbage-first heap   total 34816K, used 21026K [0x0000000081e00000, 0x0000000100000000)
  region size 1024K, 14 young (14336K), 3 survivors (3072K)
 Metaspace       used 23377K, capacity 23614K, committed 23936K, reserved 1071104K
  class space    used 2511K, capacity 2595K, committed 2688K, reserved 1048576K
}
Event: 7.045 GC heap after
{Heap after GC invocations=4 (full 0):
 garbage-first heap   total 34816K, used 11616K [0x0000000081e00000, 0x0000000100000000)
  region size 1024K, 1 young (1024K), 1 survivors (1024K)
 Metaspace       used 23377K, capacity 23614K, committed 23936K, reserved 1071104K
  class space    used 2511K, capacity 2595K, committed 2688K, reserved 1048576K
}

