<?xml version="1.0" encoding="UTF-8"?>
<testng-results skipped="0" failed="0" ignored="0" total="1" passed="1">
  <reporter-output>
  </reporter-output>
  <suite name="Suitepulsa" duration-ms="39117" started-at="2021-04-26T15:50:24 ICT" finished-at="2021-04-26T15:51:03 ICT">
    <groups>
    </groups>
    <test name="Testpulsa" duration-ms="39117" started-at="2021-04-26T15:50:24 ICT" finished-at="2021-04-26T15:51:03 ICT">
      <class name="skenario.PulsaBuy">
        <test-method status="PASS" signature="setup()[pri:0, instance:skenario.PulsaBuy@1c3a4799]" name="setup" is-config="true" duration-ms="9784" started-at="2021-04-26T15:50:24 ICT" finished-at="2021-04-26T15:50:33 ICT">
          <reporter-output>
          </reporter-output>
        </test-method> <!-- setup -->
        <test-method status="PASS" signature="pulsaIndosat()[pri:0, instance:skenario.PulsaBuy@1c3a4799]" name="pulsaIndosat" duration-ms="29310" started-at="2021-04-26T15:50:33 ICT" finished-at="2021-04-26T15:51:03 ICT">
          <reporter-output>
          </reporter-output>
        </test-method> <!-- pulsaIndosat -->
        <test-method status="PASS" signature="teardown()[pri:0, instance:skenario.PulsaBuy@1c3a4799]" name="teardown" is-config="true" duration-ms="0" started-at="2021-04-26T15:51:03 ICT" finished-at="2021-04-26T15:51:03 ICT">
          <reporter-output>
          </reporter-output>
        </test-method> <!-- teardown -->
      </class> <!-- skenario.PulsaBuy -->
    </test> <!-- Testpulsa -->
  </suite> <!-- Suitepulsa -->
</testng-results>
