<?xml version="1.0" encoding="UTF-8"?>
<testng-results ignored="0" total="1" passed="1" failed="0" skipped="0">
  <reporter-output>
  </reporter-output>
  <suite started-at="2021-04-23T14:22:15 ICT" name="suitetokpedpulsa" finished-at="2021-04-23T14:22:39 ICT" duration-ms="23462">
    <groups>
    </groups>
    <test started-at="2021-04-23T14:22:15 ICT" name="pulsatokped" finished-at="2021-04-23T14:22:39 ICT" duration-ms="23462">
      <class name="skenario.PulsaBuy">
        <test-method is-config="true" signature="setup()[pri:0, instance:skenario.PulsaBuy@2fb3536e]" started-at="2021-04-23T14:22:15 ICT" name="setup" finished-at="2021-04-23T14:22:25 ICT" duration-ms="9160" status="PASS">
          <reporter-output>
          </reporter-output>
        </test-method> <!-- setup -->
        <test-method signature="pulsaIndosat()[pri:0, instance:skenario.PulsaBuy@2fb3536e]" started-at="2021-04-23T14:22:25 ICT" name="pulsaIndosat" finished-at="2021-04-23T14:22:39 ICT" duration-ms="14276" status="PASS">
          <reporter-output>
          </reporter-output>
        </test-method> <!-- pulsaIndosat -->
        <test-method is-config="true" signature="teardown()[pri:0, instance:skenario.PulsaBuy@2fb3536e]" started-at="2021-04-23T14:22:39 ICT" name="teardown" finished-at="2021-04-23T14:22:39 ICT" duration-ms="1" status="PASS">
          <reporter-output>
          </reporter-output>
        </test-method> <!-- teardown -->
      </class> <!-- skenario.PulsaBuy -->
    </test> <!-- pulsatokped -->
  </suite> <!-- suitetokpedpulsa -->
</testng-results>
